<?xml version="1.0" encoding="UTF-8"?>
<testng-results ignored="0" total="1" passed="1" failed="0" skipped="0">
  <reporter-output>
  </reporter-output>
  <suite started-at="2020-06-02T12:49:37 IST" name="Default suite" finished-at="2020-06-02T12:49:59 IST" duration-ms="21370">
    <groups>
    </groups>
    <test started-at="2020-06-02T12:49:37 IST" name="Default test" finished-at="2020-06-02T12:49:59 IST" duration-ms="21370">
      <class name="Selenium.rt1">
        <test-method is-config="true" signature="set_up()[pri:0, instance:Selenium.rt1@2f177a4b]" started-at="2020-06-02T12:49:37 IST" name="set_up" finished-at="2020-06-02T12:49:46 IST" duration-ms="8748" status="PASS">
          <reporter-output>
          </reporter-output>
        </test-method> <!-- set_up -->
        <test-method signature="aboutus_chn()[pri:0, instance:Selenium.rt1@2f177a4b]" started-at="2020-06-02T12:49:46 IST" name="aboutus_chn" finished-at="2020-06-02T12:49:59 IST" duration-ms="12551" status="PASS">
          <reporter-output>
          </reporter-output>
        </test-method> <!-- aboutus_chn -->
        <test-method is-config="true" signature="aftertest()[pri:0, instance:Selenium.rt1@2f177a4b]" started-at="2020-06-02T12:49:59 IST" name="aftertest" finished-at="2020-06-02T12:49:59 IST" duration-ms="1" status="PASS">
          <reporter-output>
          </reporter-output>
        </test-method> <!-- aftertest -->
      </class> <!-- Selenium.rt1 -->
    </test> <!-- Default test -->
  </suite> <!-- Default suite -->
</testng-results>
